-1.5
-encoding
ISO-8859-1
-showWeaveInfo
-source
1.5
-target
1.5
-verbose
-classpath
/Users/osvaldoandrade/Projects/rysys/rysys-api/target/rysys-api-1.1.11.jar:/Users/osvaldoandrade/Projects/rysys/rysys-core/target/rysys-core-1.1.10.jar:/Users/osvaldoandrade/Projects/rysys/rysys-utils/target/rysys-utils-1.1.9.jar:/Users/osvaldoandrade/.m2/repository/ch/qos/logback/logback-classic/0.9.15/logback-classic-0.9.15.jar:/Users/osvaldoandrade/.m2/repository/com/trilead/ssh2/213/ssh2-213.jar:/Users/osvaldoandrade/.m2/repository/commons-lang/commons-lang/2.4/commons-lang-2.4.jar:/Users/osvaldoandrade/.m2/repository/jboss/jboss-j2ee/4.2.2.GA/jboss-j2ee-4.2.2.GA.jar:/Users/osvaldoandrade/.m2/repository/junit/junit/4.3/junit-4.3.jar:/Users/osvaldoandrade/.m2/repository/org/aspectj/aspectjrt/1.6.5/aspectjrt-1.6.5.jar:/Users/osvaldoandrade/.m2/repository/org/slf4j/slf4j-api/1.5.6/slf4j-api-1.5.6.jar:/Users/osvaldoandrade/Projects/rysys/rysys-fgl/target/classes
-aspectpath
/Users/osvaldoandrade/Projects/rysys/rysys-core/target/rysys-core-1.1.10.jar
-d
/Users/osvaldoandrade/Projects/rysys/rysys-fgl/target/classes
/Users/osvaldoandrade/Projects/rysys/rysys-fgl/src/main/java/br/com/codecompany/rysys/fgl/driver/FglAdapter.java
/Users/osvaldoandrade/Projects/rysys/rysys-fgl/src/main/java/br/com/codecompany/rysys/fgl/annotation/FglParserInfo.java
/Users/osvaldoandrade/Projects/rysys/rysys-fgl/src/main/java/br/com/codecompany/rysys/fgl/executor/FglProtocol.java
/Users/osvaldoandrade/Projects/rysys/rysys-fgl/src/main/java/br/com/codecompany/rysys/fgl/executor/FglExecutionResult.java
/Users/osvaldoandrade/Projects/rysys/rysys-fgl/src/main/java/br/com/codecompany/rysys/fgl/jmx/FglProbingAspect.java
/Users/osvaldoandrade/Projects/rysys/rysys-fgl/src/main/java/br/com/codecompany/rysys/fgl/util/FglMessageUtils.java
/Users/osvaldoandrade/Projects/rysys/rysys-fgl/src/main/java/br/com/codecompany/rysys/fgl/function/FglFunction.java
/Users/osvaldoandrade/Projects/rysys/rysys-fgl/src/main/java/br/com/codecompany/rysys/fgl/cache/FglCachingAspect.java
