-1.5
-encoding
ISO-8859-1
-showWeaveInfo
-source
1.5
-target
1.5
-verbose
-classpath
/Users/osvaldoandrade/.m2/repository/antlr/antlr/2.7.7/antlr-2.7.7.jar:/Users/osvaldoandrade/.m2/repository/ch/qos/logback/logback-classic/0.9.15/logback-classic-0.9.15.jar:/Users/osvaldoandrade/.m2/repository/ch/qos/logback/logback-core/0.9.15/logback-core-0.9.15.jar:/Users/osvaldoandrade/.m2/repository/org/aspectj/aspectjrt/1.6.5/aspectjrt-1.6.5.jar:/Users/osvaldoandrade/.m2/repository/org/slf4j/slf4j-api/1.5.6/slf4j-api-1.5.6.jar:/Users/osvaldoandrade/Projects/rysys/rysys-fgl-parser/target/classes
-d
/Users/osvaldoandrade/Projects/rysys/rysys-fgl-parser/target/classes
/Users/osvaldoandrade/Projects/rysys/rysys-fgl-parser/src/main/java/br/com/codecompany/rysys/fgl/parser/transform/Variable.java
/Users/osvaldoandrade/Projects/rysys/rysys-fgl-parser/src/main/java/br/com/codecompany/rysys/fgl/parser/type/FglRysysType.java
/Users/osvaldoandrade/Projects/rysys/rysys-fgl-parser/src/main/java/br/com/codecompany/rysys/fgl/parser/type/FglRysysDate.java
/Users/osvaldoandrade/Projects/rysys/rysys-fgl-parser/src/main/java/br/com/codecompany/rysys/fgl/parser/transform/Return.java
/Users/osvaldoandrade/Projects/rysys/rysys-fgl-parser/src/main/java/br/com/codecompany/rysys/fgl/parser/transform/FunctionNotFoundException.java
/Users/osvaldoandrade/Projects/rysys/rysys-fgl-parser/src/main/java/br/com/codecompany/rysys/fgl/parser/type/FglRysysInteger.java
/Users/osvaldoandrade/Projects/rysys/rysys-fgl-parser/src/main/java/br/com/codecompany/rysys/fgl/parser/FGLLexer.java
/Users/osvaldoandrade/Projects/rysys/rysys-fgl-parser/src/main/java/br/com/codecompany/rysys/fgl/parser/type/FglRysysFloat.java
/Users/osvaldoandrade/Projects/rysys/rysys-fgl-parser/src/main/java/br/com/codecompany/rysys/fgl/parser/transform/ReturnNotFoundException.java
/Users/osvaldoandrade/Projects/rysys/rysys-fgl-parser/src/main/java/br/com/codecompany/rysys/fgl/parser/FGLTokenTypes.java
/Users/osvaldoandrade/Projects/rysys/rysys-fgl-parser/src/main/java/br/com/codecompany/rysys/fgl/parser/type/FglRysysString.java
/Users/osvaldoandrade/Projects/rysys/rysys-fgl-parser/src/main/java/br/com/codecompany/rysys/fgl/parser/transform/FglTransformer.java
/Users/osvaldoandrade/Projects/rysys/rysys-fgl-parser/src/main/java/br/com/codecompany/rysys/fgl/parser/type/TypeNotSupportedException.java
/Users/osvaldoandrade/Projects/rysys/rysys-fgl-parser/src/main/java/br/com/codecompany/rysys/fgl/parser/Main.java
/Users/osvaldoandrade/Projects/rysys/rysys-fgl-parser/src/main/java/br/com/codecompany/rysys/fgl/parser/transform/FglProberAspect.java
/Users/osvaldoandrade/Projects/rysys/rysys-fgl-parser/src/main/java/br/com/codecompany/rysys/fgl/parser/transform/Whenever.java
/Users/osvaldoandrade/Projects/rysys/rysys-fgl-parser/src/main/java/br/com/codecompany/rysys/fgl/parser/FGLParser.java
/Users/osvaldoandrade/Projects/rysys/rysys-fgl-parser/src/main/java/br/com/codecompany/rysys/fgl/parser/transform/VariableNotFoundException.java
/Users/osvaldoandrade/Projects/rysys/rysys-fgl-parser/src/main/java/br/com/codecompany/rysys/fgl/parser/transform/Function.java
/Users/osvaldoandrade/Projects/rysys/rysys-fgl-parser/src/main/java/br/com/codecompany/rysys/fgl/parser/transform/Context.java
