-1.5
-encoding
ISO-8859-1
-showWeaveInfo
-source
1.5
-target
1.5
-verbose
-classpath
/Users/osvaldoandrade/Projects/rysys/rysys-api/target/rysys-api-1.1.11.jar:/Users/osvaldoandrade/Projects/rysys/rysys-core/target/rysys-core-1.1.10.jar:/Users/osvaldoandrade/Projects/rysys/rysys-utils/target/rysys-utils-1.1.9.jar:/Users/osvaldoandrade/.m2/repository/ch/qos/logback/logback-classic/0.9.15/logback-classic-0.9.15.jar:/Users/osvaldoandrade/.m2/repository/ch/qos/logback/logback-core/0.9.15/logback-core-0.9.15.jar:/Users/osvaldoandrade/.m2/repository/com/thoughtworks/xstream/xstream/1.3/xstream-1.3.jar:/Users/osvaldoandrade/.m2/repository/com/trilead/ssh2/213/ssh2-213.jar:/Users/osvaldoandrade/.m2/repository/commons-beanutils/commons-beanutils/1.8.0/commons-beanutils-1.8.0.jar:/Users/osvaldoandrade/.m2/repository/commons-lang/commons-lang/2.4/commons-lang-2.4.jar:/Users/osvaldoandrade/.m2/repository/commons-logging/commons-logging/1.1.1/commons-logging-1.1.1.jar:/Users/osvaldoandrade/.m2/repository/j8583/j8583/1.3/j8583-1.3.jar:/Users/osvaldoandrade/.m2/repository/jboss/jboss-j2ee/4.2.2.GA/jboss-j2ee-4.2.2.GA.jar:/Users/osvaldoandrade/.m2/repository/junit/junit/4.3/junit-4.3.jar:/Users/osvaldoandrade/.m2/repository/org/aspectj/aspectjrt/1.6.5/aspectjrt-1.6.5.jar:/Users/osvaldoandrade/.m2/repository/org/jboss/netty/netty/3.1.2.GA/netty-3.1.2.GA.jar:/Users/osvaldoandrade/.m2/repository/org/slf4j/slf4j-api/1.5.6/slf4j-api-1.5.6.jar:/Users/osvaldoandrade/.m2/repository/xpp3/xpp3_min/1.1.4c/xpp3_min-1.1.4c.jar:/Users/osvaldoandrade/Projects/rysys/rysys-iso8583/target/classes
-aspectpath
/Users/osvaldoandrade/Projects/rysys/rysys-core/target/rysys-core-1.1.10.jar
-d
/Users/osvaldoandrade/Projects/rysys/rysys-iso8583/target/classes
/Users/osvaldoandrade/Projects/rysys/rysys-iso8583/src/main/java/br/com/codecompany/rysys/iso8583/util/Iso8583Constants.java
/Users/osvaldoandrade/Projects/rysys/rysys-iso8583/src/main/java/br/com/codecompany/rysys/iso8583/cache/Iso8583CachingAspect.java
/Users/osvaldoandrade/Projects/rysys/rysys-iso8583/src/main/java/br/com/codecompany/rysys/iso8583/driver/PingSupport.java
/Users/osvaldoandrade/Projects/rysys/rysys-iso8583/src/main/java/br/com/codecompany/rysys/iso8583/sirot/SirotBurst.java
/Users/osvaldoandrade/Projects/rysys/rysys-iso8583/src/main/java/br/com/codecompany/rysys/iso8583/sirot/SirotAdapter.java
/Users/osvaldoandrade/Projects/rysys/rysys-iso8583/src/main/java/br/com/codecompany/rysys/iso8583/function/Iso8583Function.java
/Users/osvaldoandrade/Projects/rysys/rysys-iso8583/src/main/java/br/com/codecompany/rysys/iso8583/annotation/helper/BitMapHelper.java
/Users/osvaldoandrade/Projects/rysys/rysys-iso8583/src/main/java/br/com/codecompany/rysys/iso8583/driver/Burst.java
/Users/osvaldoandrade/Projects/rysys/rysys-iso8583/src/main/java/br/com/codecompany/rysys/iso8583/driver/InvalidHeaderException.java
/Users/osvaldoandrade/Projects/rysys/rysys-iso8583/src/main/java/br/com/codecompany/rysys/iso8583/executor/Iso8583ExecutionResult.java
/Users/osvaldoandrade/Projects/rysys/rysys-iso8583/src/main/java/br/com/codecompany/rysys/iso8583/annotation/Iso8583BitMap.java
/Users/osvaldoandrade/Projects/rysys/rysys-iso8583/src/main/java/br/com/codecompany/rysys/iso8583/driver/MalformedMessageException.java
/Users/osvaldoandrade/Projects/rysys/rysys-iso8583/src/main/java/br/com/codecompany/rysys/iso8583/executor/Iso8583Protocol.java
/Users/osvaldoandrade/Projects/rysys/rysys-iso8583/src/main/java/br/com/codecompany/rysys/iso8583/sirot/SirotIsoMessage.java
/Users/osvaldoandrade/Projects/rysys/rysys-iso8583/src/main/java/br/com/codecompany/rysys/iso8583/sirot/SirotHeader.java
/Users/osvaldoandrade/Projects/rysys/rysys-iso8583/src/main/java/br/com/codecompany/rysys/iso8583/driver/Header.java
/Users/osvaldoandrade/Projects/rysys/rysys-iso8583/src/main/java/br/com/codecompany/rysys/iso8583/driver/Iso8583Adapter.java
/Users/osvaldoandrade/Projects/rysys/rysys-iso8583/src/main/java/br/com/codecompany/rysys/iso8583/sirot/protocol/SirotMessageDecoder.java
/Users/osvaldoandrade/Projects/rysys/rysys-iso8583/src/main/java/br/com/codecompany/rysys/iso8583/jmx/Iso8583ProbingAspect.java
/Users/osvaldoandrade/Projects/rysys/rysys-iso8583/src/main/java/br/com/codecompany/rysys/iso8583/annotation/Iso8583Bit.java
/Users/osvaldoandrade/Projects/rysys/rysys-iso8583/src/main/java/br/com/codecompany/rysys/iso8583/driver/Iso1987AFieldsMap.java
/Users/osvaldoandrade/Projects/rysys/rysys-iso8583/src/main/java/br/com/codecompany/rysys/iso8583/driver/FieldsMap.java
/Users/osvaldoandrade/Projects/rysys/rysys-iso8583/src/main/java/br/com/codecompany/rysys/iso8583/util/Iso8583MessageUtils.java
/Users/osvaldoandrade/Projects/rysys/rysys-iso8583/src/main/java/br/com/codecompany/rysys/iso8583/sirot/protocol/SirotPipelineFactory.java
