-1.5
-encoding
ISO-8859-1
-showWeaveInfo
-source
1.5
-target
1.5
-verbose
-classpath
/Users/osvaldoandrade/Projects/rysys/rysys-utils/target/rysys-utils-1.1.9.jar:/Users/osvaldoandrade/.m2/repository/ch/qos/logback/logback-classic/0.9.15/logback-classic-0.9.15.jar:/Users/osvaldoandrade/.m2/repository/com/thoughtworks/xstream/xstream/1.3/xstream-1.3.jar:/Users/osvaldoandrade/.m2/repository/com/trilead/ssh2/213/ssh2-213.jar:/Users/osvaldoandrade/.m2/repository/commons-beanutils/commons-beanutils/1.8.0/commons-beanutils-1.8.0.jar:/Users/osvaldoandrade/.m2/repository/commons-lang/commons-lang/2.4/commons-lang-2.4.jar:/Users/osvaldoandrade/.m2/repository/commons-logging/commons-logging/1.1.1/commons-logging-1.1.1.jar:/Users/osvaldoandrade/.m2/repository/jboss/jboss-j2ee/4.2.2.GA/jboss-j2ee-4.2.2.GA.jar:/Users/osvaldoandrade/.m2/repository/junit/junit/4.3/junit-4.3.jar:/Users/osvaldoandrade/.m2/repository/org/aspectj/aspectjrt/1.6.5/aspectjrt-1.6.5.jar:/Users/osvaldoandrade/.m2/repository/org/jmanage/easymbean/alpha-2/easymbean-alpha-2.jar:/Users/osvaldoandrade/.m2/repository/org/slf4j/slf4j-api/1.5.6/slf4j-api-1.5.6.jar:/Users/osvaldoandrade/.m2/repository/xpp3/xpp3_min/1.1.4c/xpp3_min-1.1.4c.jar:/Users/osvaldoandrade/Projects/rysys/rysys-core/target/classes
-d
/Users/osvaldoandrade/Projects/rysys/rysys-core/target/classes
/Users/osvaldoandrade/Projects/rysys/rysys-core/src/main/java/br/com/codecompany/rysys/core/driver/ConnectionDriver.java
/Users/osvaldoandrade/Projects/rysys/rysys-core/src/main/java/br/com/codecompany/rysys/core/jca/eis/EisListenerMDBean.java
/Users/osvaldoandrade/Projects/rysys/rysys-core/src/main/java/br/com/codecompany/rysys/core/cache/Precedence.aj
/Users/osvaldoandrade/Projects/rysys/rysys-core/src/main/java/br/com/codecompany/rysys/core/jca/eis/EisLocalTransaction.java
/Users/osvaldoandrade/Projects/rysys/rysys-core/src/main/java/br/com/codecompany/rysys/core/jca/eis/EisResourceAdapter.java
/Users/osvaldoandrade/Projects/rysys/rysys-core/src/main/java/br/com/codecompany/rysys/core/balancing/NoServerConfiguredException.java
/Users/osvaldoandrade/Projects/rysys/rysys-core/src/main/java/br/com/codecompany/rysys/core/jca/eis/EisMappedRecord.java
/Users/osvaldoandrade/Projects/rysys/rysys-core/src/main/java/br/com/codecompany/rysys/core/jmx/AdapterManagement.java
/Users/osvaldoandrade/Projects/rysys/rysys-core/src/main/java/br/com/codecompany/rysys/core/jmx/AbstractProbingAspect.java
/Users/osvaldoandrade/Projects/rysys/rysys-core/src/main/java/br/com/codecompany/rysys/core/balancing/AbstractBalancingStrategy.java
/Users/osvaldoandrade/Projects/rysys/rysys-core/src/main/java/br/com/codecompany/rysys/core/jmx/database/DatabaseProvider.java
/Users/osvaldoandrade/Projects/rysys/rysys-core/src/main/java/br/com/codecompany/rysys/core/jca/eis/EisConnection.java
/Users/osvaldoandrade/Projects/rysys/rysys-core/src/main/java/br/com/codecompany/rysys/core/driver/InvalidDriverException.java
/Users/osvaldoandrade/Projects/rysys/rysys-core/src/main/java/br/com/codecompany/rysys/core/driver/DriverFactory.java
/Users/osvaldoandrade/Projects/rysys/rysys-core/src/main/java/br/com/codecompany/rysys/core/jca/eis/EisManagedConnection.java
/Users/osvaldoandrade/Projects/rysys/rysys-core/src/main/java/br/com/codecompany/rysys/core/jca/eis/EisManagedConnectionMetaData.java
/Users/osvaldoandrade/Projects/rysys/rysys-core/src/main/java/br/com/codecompany/rysys/core/balancing/BalancingStrategy.java
/Users/osvaldoandrade/Projects/rysys/rysys-core/src/main/java/br/com/codecompany/rysys/core/cache/Cache.java
/Users/osvaldoandrade/Projects/rysys/rysys-core/src/main/java/br/com/codecompany/rysys/core/jca/eis/EisRecord.java
/Users/osvaldoandrade/Projects/rysys/rysys-core/src/main/java/br/com/codecompany/rysys/core/balancing/BalancingStrategyFactory.java
/Users/osvaldoandrade/Projects/rysys/rysys-core/src/main/java/br/com/codecompany/rysys/core/jca/eis/IEisConnection.java
/Users/osvaldoandrade/Projects/rysys/rysys-core/src/main/java/br/com/codecompany/rysys/core/jca/eis/IEisConnectionFactory.java
/Users/osvaldoandrade/Projects/rysys/rysys-core/src/main/java/br/com/codecompany/rysys/core/jce/EncryptorStrategyFactory.java
/Users/osvaldoandrade/Projects/rysys/rysys-core/src/main/java/br/com/codecompany/rysys/core/jca/eis/transaction/RollbackTransaction.java
/Users/osvaldoandrade/Projects/rysys/rysys-core/src/main/java/br/com/codecompany/rysys/core/jca/eis/transaction/BeginTransaction.java
/Users/osvaldoandrade/Projects/rysys/rysys-core/src/main/java/br/com/codecompany/rysys/core/driver/ConnectionException.java
/Users/osvaldoandrade/Projects/rysys/rysys-core/src/main/java/br/com/codecompany/rysys/core/driver/AdvancedVerifier.java
/Users/osvaldoandrade/Projects/rysys/rysys-core/src/main/java/br/com/codecompany/rysys/core/driver/AbstractConnectionDriver.java
/Users/osvaldoandrade/Projects/rysys/rysys-core/src/main/java/br/com/codecompany/rysys/core/jce/DESEncrypter.java
/Users/osvaldoandrade/Projects/rysys/rysys-core/src/main/java/br/com/codecompany/rysys/core/jca/eis/EisListenerMDUtil.java
/Users/osvaldoandrade/Projects/rysys/rysys-core/src/main/java/br/com/codecompany/rysys/core/jca/eis/IEisListener.java
/Users/osvaldoandrade/Projects/rysys/rysys-core/src/main/java/br/com/codecompany/rysys/core/jce/Encrypter.java
/Users/osvaldoandrade/Projects/rysys/rysys-core/src/main/java/br/com/codecompany/rysys/core/jca/eis/EisConnectionFactory.java
/Users/osvaldoandrade/Projects/rysys/rysys-core/src/main/java/br/com/codecompany/rysys/core/balancing/Server.java
/Users/osvaldoandrade/Projects/rysys/rysys-core/src/main/java/br/com/codecompany/rysys/core/driver/SshAdapter.java
/Users/osvaldoandrade/Projects/rysys/rysys-core/src/main/java/br/com/codecompany/rysys/core/cache/CacheEntryConverter.java
/Users/osvaldoandrade/Projects/rysys/rysys-core/src/main/java/br/com/codecompany/rysys/core/jce/PlainEncrypter.java
/Users/osvaldoandrade/Projects/rysys/rysys-core/src/main/java/br/com/codecompany/rysys/core/driver/ConnectionProps.java
/Users/osvaldoandrade/Projects/rysys/rysys-core/src/main/java/br/com/codecompany/rysys/core/jce/EncrypterHelper.java
/Users/osvaldoandrade/Projects/rysys/rysys-core/src/main/java/br/com/codecompany/rysys/core/balancing/InvalidBalancingStrategyException.java
/Users/osvaldoandrade/Projects/rysys/rysys-core/src/main/java/br/com/codecompany/rysys/core/jce/InvalidPasswordFormatException.java
/Users/osvaldoandrade/Projects/rysys/rysys-core/src/main/java/br/com/codecompany/rysys/core/jca/eis/EisManagedConnectionFactory.java
/Users/osvaldoandrade/Projects/rysys/rysys-core/src/main/java/br/com/codecompany/rysys/core/driver/TimeoutException.java
/Users/osvaldoandrade/Projects/rysys/rysys-core/src/main/java/br/com/codecompany/rysys/core/jca/eis/EisRequestInfo.java
/Users/osvaldoandrade/Projects/rysys/rysys-core/src/main/java/br/com/codecompany/rysys/core/jca/eis/EisActivationSpec.java
/Users/osvaldoandrade/Projects/rysys/rysys-core/src/main/java/br/com/codecompany/rysys/core/cache/CacheEntry.java
/Users/osvaldoandrade/Projects/rysys/rysys-core/src/main/java/br/com/codecompany/rysys/core/jca/eis/EisIndexedRecord.java
/Users/osvaldoandrade/Projects/rysys/rysys-core/src/main/java/br/com/codecompany/rysys/core/jmx/database/ConnectionHelper.java
/Users/osvaldoandrade/Projects/rysys/rysys-core/src/main/java/br/com/codecompany/rysys/core/jmx/NullProvider.java
/Users/osvaldoandrade/Projects/rysys/rysys-core/src/main/java/br/com/codecompany/rysys/core/driver/MessageExecutionException.java
/Users/osvaldoandrade/Projects/rysys/rysys-core/src/main/java/br/com/codecompany/rysys/core/jca/eis/transaction/CommitTransaction.java
/Users/osvaldoandrade/Projects/rysys/rysys-core/src/main/java/br/com/codecompany/rysys/core/jmx/AdapterMBeanProxy.java
/Users/osvaldoandrade/Projects/rysys/rysys-core/src/main/java/br/com/codecompany/rysys/core/jca/eis/transaction/TransactionCommand.java
/Users/osvaldoandrade/Projects/rysys/rysys-core/src/main/java/br/com/codecompany/rysys/core/cache/AbstractCachingAspect.java
/Users/osvaldoandrade/Projects/rysys/rysys-core/src/main/java/br/com/codecompany/rysys/core/jca/eis/EisInteraction.java
/Users/osvaldoandrade/Projects/rysys/rysys-core/src/main/java/br/com/codecompany/rysys/core/jca/eis/EisXAResource.java
/Users/osvaldoandrade/Projects/rysys/rysys-core/src/main/java/br/com/codecompany/rysys/core/jce/Base64Coder.java
/Users/osvaldoandrade/Projects/rysys/rysys-core/src/main/java/br/com/codecompany/rysys/core/balancing/SingleServerBalancingStrategy.java
/Users/osvaldoandrade/Projects/rysys/rysys-core/src/main/java/br/com/codecompany/rysys/core/jce/InvalidEncrypterStrategyException.java
/Users/osvaldoandrade/Projects/rysys/rysys-core/src/main/java/br/com/codecompany/rysys/core/jca/eis/EisRecordFactory.java
/Users/osvaldoandrade/Projects/rysys/rysys-core/src/main/java/br/com/codecompany/rysys/core/jmx/MonitoringProvider.java
/Users/osvaldoandrade/Projects/rysys/rysys-core/src/main/java/br/com/codecompany/rysys/core/balancing/RoundRobinBalancingStrategy.java
